25-05-2024 01:24:44.942 [main] INFO  -c.c.I.InterviewerMicroserviceApplication - Starting InterviewerMicroserviceApplication using Java 21 with PID 11292 (D:\Mtech\MTech-Projects\new\CodeCraft\InterviewerMicroservice\target\classes started by abhis in D:\Mtech\MTech-Projects\new\CodeCraft\CandidateMicroservice)
25-05-2024 01:24:44.944 [main] INFO  -c.c.I.InterviewerMicroserviceApplication - No active profile set, falling back to 1 default profile: "default"
25-05-2024 01:25:51.911 [main] INFO  -c.c.I.InterviewerMicroserviceApplication - Starting InterviewerMicroserviceApplication using Java 21 with PID 5616 (D:\Mtech\MTech-Projects\new\CodeCraft\InterviewerMicroservice\target\classes started by abhis in D:\Mtech\MTech-Projects\new\CodeCraft\CandidateMicroservice)
25-05-2024 01:25:51.956 [main] INFO  -c.c.I.InterviewerMicroserviceApplication - No active profile set, falling back to 1 default profile: "default"
25-05-2024 01:25:58.875 [main] INFO  -c.c.I.InterviewerMicroserviceApplication - Started InterviewerMicroserviceApplication in 8.327 seconds (process running for 9.351)
25-05-2024 01:26:49.355 [main] INFO  -c.c.I.c.InterviewerControllerTest - Starting InterviewerControllerTest using Java 21 with PID 6988 (started by abhis in D:\Mtech\MTech-Projects\new\CodeCraft\InterviewerMicroservice)
25-05-2024 01:26:49.360 [main] INFO  -c.c.I.c.InterviewerControllerTest - No active profile set, falling back to 1 default profile: "default"
25-05-2024 01:26:57.899 [main] INFO  -c.c.I.c.InterviewerControllerTest - Started InterviewerControllerTest in 9.873 seconds (process running for 11.44)
25-05-2024 01:27:59.362 [main] INFO  -c.c.I.i.InterviewerServiceImplTest - Starting InterviewerServiceImplTest using Java 21 with PID 6988 (started by abhis in D:\Mtech\MTech-Projects\new\CodeCraft\InterviewerMicroservice)
25-05-2024 01:27:59.362 [main] INFO  -c.c.I.i.InterviewerServiceImplTest - No active profile set, falling back to 1 default profile: "default"
25-05-2024 01:28:02.437 [main] INFO  -c.c.I.i.InterviewerServiceImplTest - Started InterviewerServiceImplTest in 64.18 seconds (process running for 75.977)
25-05-2024 01:29:16.655 [main] INFO  -c.c.I.c.InterviewerControllerTest - Starting InterviewerControllerTest using Java 21 with PID 5808 (started by abhis in D:\Mtech\MTech-Projects\new\CodeCraft\InterviewerMicroservice)
25-05-2024 01:29:16.660 [main] INFO  -c.c.I.c.InterviewerControllerTest - No active profile set, falling back to 1 default profile: "default"
25-05-2024 01:29:25.681 [main] INFO  -c.c.I.c.InterviewerControllerTest - Started InterviewerControllerTest in 10.355 seconds (process running for 11.966)
25-05-2024 01:30:27.249 [main] INFO  -c.c.I.i.InterviewerServiceImplTest - Starting InterviewerServiceImplTest using Java 21 with PID 5808 (started by abhis in D:\Mtech\MTech-Projects\new\CodeCraft\InterviewerMicroservice)
25-05-2024 01:30:27.249 [main] INFO  -c.c.I.i.InterviewerServiceImplTest - No active profile set, falling back to 1 default profile: "default"
25-05-2024 01:30:30.289 [main] INFO  -c.c.I.i.InterviewerServiceImplTest - Started InterviewerServiceImplTest in 64.175 seconds (process running for 76.574)
25-05-2024 01:31:32.313 [main] INFO  -c.c.I.r.EnrollmentRepositoryTest - Starting EnrollmentRepositoryTest using Java 21 with PID 5808 (started by abhis in D:\Mtech\MTech-Projects\new\CodeCraft\InterviewerMicroservice)
25-05-2024 01:31:32.313 [main] INFO  -c.c.I.r.EnrollmentRepositoryTest - No active profile set, falling back to 1 default profile: "default"
25-05-2024 01:31:32.782 [main] INFO  -c.c.I.r.EnrollmentRepositoryTest - Started EnrollmentRepositoryTest in 61.532 seconds (process running for 139.067)
